<?xml version="1.0" encoding="UTF-8"?>
<!-- Generated by org.testng.reporters.JUnitXMLReporter -->
<testsuite ignored="2" hostname="Raja" failures="0" tests="1" name="Default test" time="51.121" errors="0" timestamp="2024-06-10T09:49:03 IST">
  <testcase classname="DropDownElements.DropDownSelect" name="selctFromDropDownIndex" time="0.32"/>
  <testcase classname="DropDownElements.DropDownSelect" name="selectFromDropDownVb" time="0.0">
    <ignored/>
  </testcase> <!-- selectFromDropDownVb -->
  <testcase classname="DropDownElements.DropDownSelect" name="selctFromDropDownValue" time="0.0">
    <ignored/>
  </testcase> <!-- selctFromDropDownValue -->
</testsuite> <!-- Default test -->
