<?xml version="1.0" encoding="UTF-8"?>
<!-- Generated by org.testng.reporters.JUnitXMLReporter -->
<testsuite ignored="1" hostname="Raja" failures="0" tests="3" name="Run Group Annotations" time="0.083" errors="0" timestamp="2024-04-23T23:17:03 IST">
  <testcase classname="TestNG.ConfiguartionsAnnotations_1DatePikers" name="test_2JQeryDatePicker" time="0.009"/>
  <testcase classname="TestNG.ConfiguartionsAnnotations_2_ListBox" name="test_3BootstrapListBox" time="0.002"/>
  <testcase classname="TestNG.ConfiguartionsAnnotations_2_ListBox" name="test_4JQeryListBox" time="0.002"/>
  <testcase classname="TestNG.ConfiguartionsAnnotations_1DatePikers" name="test_1BootstrapDatePicker" time="0.0">
    <ignored/>
  </testcase> <!-- test_1BootstrapDatePicker -->
</testsuite> <!-- Run Group Annotations -->
