<?xml version="1.0" encoding="UTF-8"?>
<!-- Generated by org.testng.reporters.JUnitXMLReporter -->
<testsuite ignored="0" hostname="Raja" failures="0" tests="4" name="Run class Annotations" time="0.074" errors="0" timestamp="2024-04-23T23:04:13 IST">
  <testcase classname="TestNG.ConfiguartionsAnnotations_1DatePikers" name="test_1BootstrapDatePicker" time="0.007"/>
  <testcase classname="TestNG.ConfiguartionsAnnotations_1DatePikers" name="test_2JQeryDatePicker" time="0.001"/>
  <testcase classname="TestNG.ConfiguartionsAnnotations_2_ListBox" name="test_3BootstrapListBox" time="0.002"/>
  <testcase classname="TestNG.ConfiguartionsAnnotations_2_ListBox" name="test_4JQeryListBox" time="0.001"/>
</testsuite> <!-- Run class Annotations -->
