<?xml version="1.0" encoding="UTF-8"?>
<testng-results ignored="0" total="1" passed="1" failed="0" skipped="0">
  <reporter-output>
  </reporter-output>
  <suite started-at="2024-08-12T22:36:59 IST" name="Default suite" finished-at="2024-08-12T22:38:12 IST" duration-ms="73118">
    <groups>
    </groups>
    <test started-at="2024-08-12T22:36:59 IST" name="Default test" finished-at="2024-08-12T22:38:12 IST" duration-ms="73118">
      <class name="FlipCart.GetProductName">
        <test-method signature="getProductNames()[pri:0, instance:FlipCart.GetProductName@7d4f9aae]" started-at="2024-08-12T22:36:59 IST" name="getProductNames" finished-at="2024-08-12T22:38:12 IST" duration-ms="73053" status="PASS">
          <reporter-output>
          </reporter-output>
        </test-method> <!-- getProductNames -->
      </class> <!-- FlipCart.GetProductName -->
    </test> <!-- Default test -->
  </suite> <!-- Default suite -->
</testng-results>
