<?xml version="1.0" encoding="UTF-8"?>
<testng-results ignored="2" total="3" passed="1" failed="0" skipped="0">
  <reporter-output>
  </reporter-output>
  <suite started-at="2024-06-10T09:48:12 IST" name="Default suite" finished-at="2024-06-10T09:49:03 IST" duration-ms="51121">
    <groups>
    </groups>
    <test started-at="2024-06-10T09:48:12 IST" name="Default test" finished-at="2024-06-10T09:49:03 IST" duration-ms="51121">
      <class name="DropDownElements.DropDownSelect">
        <test-method is-config="true" signature="setUp()[pri:0, instance:DropDownElements.DropDownSelect@2794eab6]" started-at="2024-06-10T09:48:12 IST" name="setUp" finished-at="2024-06-10T09:49:03 IST" duration-ms="50748" status="PASS">
          <reporter-output>
          </reporter-output>
        </test-method> <!-- setUp -->
        <test-method signature="selctFromDropDownIndex()[pri:3, instance:DropDownElements.DropDownSelect@2794eab6]" started-at="2024-06-10T09:49:03 IST" name="selctFromDropDownIndex" finished-at="2024-06-10T09:49:03 IST" duration-ms="320" status="PASS">
          <reporter-output>
          </reporter-output>
        </test-method> <!-- selctFromDropDownIndex -->
      </class> <!-- DropDownElements.DropDownSelect -->
    </test> <!-- Default test -->
  </suite> <!-- Default suite -->
</testng-results>
